::1 - - [07/Sep/2020:15:58:18 +0000] "GET /goals HTTP/1.1" 304 - "http://localhost:3000/" "Mozilla/5.0 (Macintosh; Intel Mac OS X 10_15_6) AppleWebKit/537.36 (KHTML, like Gecko) Chrome/85.0.4183.83 Safari/537.36"
::1 - - [07/Sep/2020:15:59:11 +0000] "GET /goals HTTP/1.1" 304 - "http://localhost:3000/" "Mozilla/5.0 (Macintosh; Intel Mac OS X 10_15_6) AppleWebKit/537.36 (KHTML, like Gecko) Chrome/85.0.4183.83 Safari/537.36"
::1 - - [07/Sep/2020:15:59:41 +0000] "GET /goals HTTP/1.1" 304 - "http://localhost:3000/" "Mozilla/5.0 (Macintosh; Intel Mac OS X 10_15_6) AppleWebKit/537.36 (KHTML, like Gecko) Chrome/85.0.4183.83 Safari/537.36"
::1 - - [07/Sep/2020:16:01:10 +0000] "OPTIONS /goals HTTP/1.1" 200 13 "http://localhost:3000/" "Mozilla/5.0 (Macintosh; Intel Mac OS X 10_15_6) AppleWebKit/537.36 (KHTML, like Gecko) Chrome/85.0.4183.83 Safari/537.36"
::1 - - [07/Sep/2020:16:01:10 +0000] "POST /goals HTTP/1.1" 201 88 "http://localhost:3000/" "Mozilla/5.0 (Macintosh; Intel Mac OS X 10_15_6) AppleWebKit/537.36 (KHTML, like Gecko) Chrome/85.0.4183.83 Safari/537.36"
::1 - - [07/Sep/2020:16:01:11 +0000] "GET /goals HTTP/1.1" 200 68 "http://localhost:3000/" "Mozilla/5.0 (Macintosh; Intel Mac OS X 10_15_6) AppleWebKit/537.36 (KHTML, like Gecko) Chrome/85.0.4183.83 Safari/537.36"
::1 - - [07/Sep/2020:16:01:17 +0000] "OPTIONS /goals HTTP/1.1" 200 13 "http://localhost:3000/" "Mozilla/5.0 (Macintosh; Intel Mac OS X 10_15_6) AppleWebKit/537.36 (KHTML, like Gecko) Chrome/85.0.4183.83 Safari/537.36"
::1 - - [07/Sep/2020:16:01:17 +0000] "POST /goals HTTP/1.1" 201 97 "http://localhost:3000/" "Mozilla/5.0 (Macintosh; Intel Mac OS X 10_15_6) AppleWebKit/537.36 (KHTML, like Gecko) Chrome/85.0.4183.83 Safari/537.36"
::1 - - [07/Sep/2020:16:01:21 +0000] "OPTIONS /goals/5f565946d34d141774eb643f HTTP/1.1" 200 6 "http://localhost:3000/" "Mozilla/5.0 (Macintosh; Intel Mac OS X 10_15_6) AppleWebKit/537.36 (KHTML, like Gecko) Chrome/85.0.4183.83 Safari/537.36"
::1 - - [07/Sep/2020:16:01:21 +0000] "DELETE /goals/5f565946d34d141774eb643f HTTP/1.1" 200 27 "http://localhost:3000/" "Mozilla/5.0 (Macintosh; Intel Mac OS X 10_15_6) AppleWebKit/537.36 (KHTML, like Gecko) Chrome/85.0.4183.83 Safari/537.36"
::1 - - [07/Sep/2020:16:01:21 +0000] "OPTIONS /goals/5f56594dd34d141774eb6440 HTTP/1.1" 200 6 "http://localhost:3000/" "Mozilla/5.0 (Macintosh; Intel Mac OS X 10_15_6) AppleWebKit/537.36 (KHTML, like Gecko) Chrome/85.0.4183.83 Safari/537.36"
::1 - - [07/Sep/2020:16:01:21 +0000] "DELETE /goals/5f56594dd34d141774eb6440 HTTP/1.1" 200 27 "http://localhost:3000/" "Mozilla/5.0 (Macintosh; Intel Mac OS X 10_15_6) AppleWebKit/537.36 (KHTML, like Gecko) Chrome/85.0.4183.83 Safari/537.36"
::1 - - [07/Sep/2020:16:01:33 +0000] "GET /goals HTTP/1.1" 200 12 "http://localhost:3000/" "Mozilla/5.0 (Macintosh; Intel Mac OS X 10_15_6) AppleWebKit/537.36 (KHTML, like Gecko) Chrome/85.0.4183.83 Safari/537.36"
::1 - - [07/Sep/2020:16:01:35 +0000] "OPTIONS /goals HTTP/1.1" 200 13 "http://localhost:3000/" "Mozilla/5.0 (Macintosh; Intel Mac OS X 10_15_6) AppleWebKit/537.36 (KHTML, like Gecko) Chrome/85.0.4183.83 Safari/537.36"
::1 - - [07/Sep/2020:16:01:35 +0000] "POST /goals HTTP/1.1" 201 88 "http://localhost:3000/" "Mozilla/5.0 (Macintosh; Intel Mac OS X 10_15_6) AppleWebKit/537.36 (KHTML, like Gecko) Chrome/85.0.4183.83 Safari/537.36"
::1 - - [07/Sep/2020:16:01:39 +0000] "OPTIONS /goals/5f56595fd34d141774eb6441 HTTP/1.1" 200 6 "http://localhost:3000/" "Mozilla/5.0 (Macintosh; Intel Mac OS X 10_15_6) AppleWebKit/537.36 (KHTML, like Gecko) Chrome/85.0.4183.83 Safari/537.36"
::1 - - [07/Sep/2020:16:01:39 +0000] "DELETE /goals/5f56595fd34d141774eb6441 HTTP/1.1" 200 27 "http://localhost:3000/" "Mozilla/5.0 (Macintosh; Intel Mac OS X 10_15_6) AppleWebKit/537.36 (KHTML, like Gecko) Chrome/85.0.4183.83 Safari/537.36"
::1 - - [01/Aug/2022:06:43:33 +0000] "GET / HTTP/1.1" 404 139 "-" "Mozilla/5.0 (Windows NT 10.0; Win64; x64) AppleWebKit/537.36 (KHTML, like Gecko) Chrome/102.0.5005.63 Safari/537.36 Edg/102.0.1245.33"
::1 - - [01/Aug/2022:06:43:36 +0000] "GET /goals HTTP/1.1" 200 12 "-" "Mozilla/5.0 (Windows NT 10.0; Win64; x64) AppleWebKit/537.36 (KHTML, like Gecko) Chrome/102.0.5005.63 Safari/537.36 Edg/102.0.1245.33"
::1 - - [01/Aug/2022:06:43:37 +0000] "GET /favicon.ico HTTP/1.1" 404 150 "http://localhost/goals" "Mozilla/5.0 (Windows NT 10.0; Win64; x64) AppleWebKit/537.36 (KHTML, like Gecko) Chrome/102.0.5005.63 Safari/537.36 Edg/102.0.1245.33"
::1 - - [01/Aug/2022:06:48:27 +0000] "GET /goals HTTP/1.1" 304 - "http://localhost:3000/" "Mozilla/5.0 (Windows NT 10.0; Win64; x64) AppleWebKit/537.36 (KHTML, like Gecko) Chrome/102.0.5005.63 Safari/537.36 Edg/102.0.1245.33"
::1 - - [01/Aug/2022:06:55:05 +0000] "GET / HTTP/1.1" 404 139 "-" "Mozilla/5.0 (Windows NT 10.0; Win64; x64) AppleWebKit/537.36 (KHTML, like Gecko) Chrome/102.0.5005.63 Safari/537.36 Edg/102.0.1245.33"
::1 - - [01/Aug/2022:06:55:11 +0000] "GET /goals HTTP/1.1" 304 - "http://localhost:3000/" "Mozilla/5.0 (Windows NT 10.0; Win64; x64) AppleWebKit/537.36 (KHTML, like Gecko) Chrome/102.0.5005.63 Safari/537.36 Edg/102.0.1245.33"
